<?xml version="1.0" encoding="UTF-8"?>
<!-- Generated by org.testng.reporters.JUnitReportReporter -->
<testsuite hostname="DESKTOP-JCJIVKH" failures="0" tests="1" name="WebTestCases.TC_008_PolicyMaintenance" time="64.350" errors="0" timestamp="11 Nov 2020 13:04:55 GMT" skipped="0">
  <testcase classname="WebTestCases.TC_008_PolicyMaintenance" name="TC_008_policyMaintenance" time="64.350"/>
</testsuite> <!-- WebTestCases.TC_008_PolicyMaintenance -->
