<?xml version="1.0" encoding="UTF-8"?>
<!-- Generated by org.testng.reporters.JUnitReportReporter -->
<testsuite hostname="DESKTOP-JCJIVKH" failures="0" tests="1" name="WebTestCases.TC_015_PendingInsurance" time="83.500" errors="0" timestamp="11 Nov 2020 13:22:39 GMT" skipped="0">
  <testcase classname="WebTestCases.TC_015_PendingInsurance" name="TC_015_pendingInsurance" time="83.500"/>
</testsuite> <!-- WebTestCases.TC_015_PendingInsurance -->
