<?xml version="1.0" encoding="UTF-8"?>
<!-- Generated by org.testng.reporters.JUnitReportReporter -->
<testsuite skipped="0" hostname="ESL006" name="WebTestCases.TC_002" tests="1" failures="0" timestamp="28 May 2020 18:16:13 GMT" time="36.928" errors="0">
  <testcase name="test" time="36.928" classname="WebTestCases.TC_002"/>
</testsuite> <!-- WebTestCases.TC_002 -->
