<?xml version="1.0" encoding="UTF-8"?>
<!-- Generated by org.testng.reporters.JUnitReportReporter -->
<testsuite hostname="DESKTOP-JCJIVKH" failures="0" tests="1" name="WebTestCases.TC_020_NegativeFlowClaimSearch" time="40.174" errors="0" timestamp="16 Dec 2020 15:40:20 GMT" skipped="0">
  <testcase classname="WebTestCases.TC_020_NegativeFlowClaimSearch" name="TC_020_NegativeFlowClaimSearch" time="40.174"/>
</testsuite> <!-- WebTestCases.TC_020_NegativeFlowClaimSearch -->
