<?xml version="1.0" encoding="UTF-8"?>
<!-- Generated by org.testng.reporters.JUnitReportReporter -->
<testsuite hostname="DESKTOP-JCJIVKH" failures="0" tests="1" name="WebTestCases.TC_018_ClaimSearch" time="56.848" errors="0" timestamp="16 Dec 2020 11:16:46 GMT" skipped="0">
  <testcase classname="WebTestCases.TC_018_ClaimSearch" name="TC_018_ClaimSearch" time="56.848"/>
</testsuite> <!-- WebTestCases.TC_018_ClaimSearch -->
