<?xml version="1.0" encoding="UTF-8"?>
<!-- Generated by org.testng.reporters.JUnitReportReporter -->
<testsuite hostname="DESKTOP-JCJIVKH" failures="0" tests="1" name="WebTestCases.TC_010_RollOverReports" time="50.193" errors="0" timestamp="11 Nov 2020 13:10:52 GMT" skipped="0">
  <testcase classname="WebTestCases.TC_010_RollOverReports" name="TC_010_rollOverReports" time="50.193"/>
</testsuite> <!-- WebTestCases.TC_010_RollOverReports -->
