<?xml version="1.0" encoding="UTF-8"?>
<!-- Generated by org.testng.reporters.JUnitReportReporter -->
<testsuite skipped="0" hostname="ESL006" name="WebTestCases.TC_001" tests="1" failures="0" timestamp="27 May 2020 18:34:59 GMT" time="94.355" errors="0">
  <testcase name="test" time="94.355" classname="WebTestCases.TC_001"/>
</testsuite> <!-- WebTestCases.TC_001 -->
