<?xml version="1.0" encoding="UTF-8"?>
<!-- Generated by org.testng.reporters.JUnitReportReporter -->
<testsuite hostname="DESKTOP-G6VU19K" failures="0" tests="1" name="WebTestCases.TC_012_ReprintQuoteOrApp" time="44.723" errors="0" timestamp="2021-01-25T20:58:20 IST" skipped="0">
  <testcase classname="WebTestCases.TC_012_ReprintQuoteOrApp" name="TC_012_reprintQuoteOrAppWithAppNumber" time="44.723"/>
  <system-out/>
</testsuite> <!-- WebTestCases.TC_012_ReprintQuoteOrApp -->
