<?xml version="1.0" encoding="UTF-8"?>
<!-- Generated by org.testng.reporters.JUnitReportReporter -->
<testsuite hostname="DESKTOP-JCJIVKH" failures="0" tests="1" name="WebTestCases.TC_023_Validations" time="63.321" errors="0" timestamp="16 Dec 2020 16:17:22 GMT" skipped="0">
  <testcase classname="WebTestCases.TC_023_Validations" name="TC_023_Validations" time="63.321"/>
</testsuite> <!-- WebTestCases.TC_023_Validations -->
