<?xml version="1.0" encoding="UTF-8"?>
<!-- Generated by org.testng.reporters.JUnitReportReporter -->
<testsuite hostname="DESKTOP-JCJIVKH" failures="0" tests="1" name="WebTestCases.TC_017_ExpiringPolicies" time="83.764" errors="0" timestamp="11 Nov 2020 14:11:31 GMT" skipped="0">
  <testcase classname="WebTestCases.TC_017_ExpiringPolicies" name="TC_017_expiringPolicies" time="83.764"/>
</testsuite> <!-- WebTestCases.TC_017_ExpiringPolicies -->
