<?xml version="1.0" encoding="UTF-8"?>
<!-- Generated by org.testng.reporters.JUnitReportReporter -->
<testsuite hostname="DESKTOP-G6VU19K" failures="0" tests="1" name="WebTestCases.TC_027_ClaimInfrmtnPagefromSearchBox" time="43.068" errors="0" timestamp="2021-02-17T20:00:41 IST" skipped="0">
  <testcase classname="WebTestCases.TC_027_ClaimInfrmtnPagefromSearchBox" name="TC_027_claimInfrmtnPageFromSearchBox" time="43.068"/>
  <system-out/>
</testsuite> <!-- WebTestCases.TC_027_ClaimInfrmtnPagefromSearchBox -->
