<?xml version="1.0" encoding="UTF-8"?>
<!-- Generated by org.testng.reporters.JUnitReportReporter -->
<testsuite hostname="DESKTOP-G6VU19K" failures="0" tests="1" name="WebTestCases.TC_042_ZoneDetermination" time="157.948" errors="0" timestamp="2021-02-17T19:35:01 IST" skipped="0">
  <testcase classname="WebTestCases.TC_042_ZoneDetermination" name="TC_042_zoneDetermination" time="157.948"/>
  <system-out/>
</testsuite> <!-- WebTestCases.TC_042_ZoneDetermination -->
