<?xml version="1.0" encoding="UTF-8"?>
<!-- Generated by org.testng.reporters.JUnitReportReporter -->
<testsuite hostname="DESKTOP-JCJIVKH" failures="0" tests="1" name="WebTestCases.TC_016_NonRenewals" time="78.353" errors="0" timestamp="11 Nov 2020 14:05:19 GMT" skipped="0">
  <testcase classname="WebTestCases.TC_016_NonRenewals" name="TC_016_nonRenewals" time="78.353"/>
</testsuite> <!-- WebTestCases.TC_016_NonRenewals -->
