<?xml version="1.0" encoding="UTF-8"?>
<!-- Generated by org.testng.reporters.JUnitReportReporter -->
<testsuite skipped="0" hostname="ESL006" name="AndroidTestCases.TC_001" tests="1" failures="0" timestamp="02 Jun 2020 13:03:27 GMT" time="61.159" errors="0">
  <testcase name="FlipKartLogin" time="61.159" classname="AndroidTestCases.TC_001"/>
</testsuite> <!-- AndroidTestCases.TC_001 -->
