<?xml version="1.0" encoding="UTF-8"?>
<!-- Generated by org.testng.reporters.JUnitReportReporter -->
<testsuite hostname="DESKTOP-JCJIVKH" failures="0" tests="1" name="WebTestCases.TC_005_Reports" time="41.196" errors="0" timestamp="16 Dec 2020 11:21:19 GMT" skipped="0">
  <testcase classname="WebTestCases.TC_005_Reports" name="TC_005_reports" time="41.196"/>
</testsuite> <!-- WebTestCases.TC_005_Reports -->
