<?xml version="1.0" encoding="UTF-8"?>
<!-- Generated by org.testng.reporters.JUnitReportReporter -->
<testsuite hostname="DESKTOP-JCJIVKH" failures="0" tests="1" name="WebTestCases.TC_021_NegativeFlowZurichFlood" time="84.655" errors="0" timestamp="16 Dec 2020 16:13:40 GMT" skipped="0">
  <testcase classname="WebTestCases.TC_021_NegativeFlowZurichFlood" name="TC_021_NegativeFlowZurichFlood" time="84.655"/>
</testsuite> <!-- WebTestCases.TC_021_NegativeFlowZurichFlood -->
