<?xml version="1.0" encoding="UTF-8"?>
<!-- Generated by org.testng.reporters.JUnitReportReporter -->
<testsuite skipped="0" hostname="ESL006" name="WebTestCases.TC_001_Create_New_Invention" tests="1" failures="0" timestamp="27 May 2020 19:22:40 GMT" time="99.278" errors="0">
  <testcase name="test" time="99.278" classname="WebTestCases.TC_001_Create_New_Invention"/>
</testsuite> <!-- WebTestCases.TC_001_Create_New_Invention -->
