<?xml version="1.0" encoding="UTF-8"?>
<!-- Generated by org.testng.reporters.JUnitReportReporter -->
<testsuite hostname="DESKTOP-JCJIVKH" failures="0" tests="1" name="WebTestCases.TC_009_SharingWords" time="51.630" errors="0" timestamp="11 Nov 2020 13:08:54 GMT" skipped="0">
  <testcase classname="WebTestCases.TC_009_SharingWords" name="TC_009_sharingWords" time="51.630"/>
</testsuite> <!-- WebTestCases.TC_009_SharingWords -->
