<?xml version="1.0" encoding="UTF-8"?>
<!-- Generated by org.testng.reporters.JUnitReportReporter -->
<testsuite hostname="DESKTOP-G6VU19K" failures="0" tests="1" name="WebTestCases.TC_003_wrightfloodquote" time="33.916" errors="0" timestamp="2021-02-15T17:56:43 IST" skipped="0">
  <testcase classname="WebTestCases.TC_003_wrightfloodquote" name="TC_003_Wrightfloodquote" time="33.916"/>
  <system-out/>
</testsuite> <!-- WebTestCases.TC_003_wrightfloodquote -->
