<?xml version="1.0" encoding="UTF-8"?>
<!-- Generated by org.testng.reporters.JUnitReportReporter -->
<testsuite hostname="DESKTOP-JCJIVKH" failures="0" tests="1" name="WebTestCases.TC_011_IDocs" time="49.741" errors="0" timestamp="11 Nov 2020 13:12:39 GMT" skipped="0">
  <testcase classname="WebTestCases.TC_011_IDocs" name="TC_011_iDocs" time="49.741"/>
</testsuite> <!-- WebTestCases.TC_011_IDocs -->
