<?xml version="1.0" encoding="UTF-8"?>
<!-- Generated by org.testng.reporters.JUnitReportReporter -->
<testsuite hostname="DESKTOP-G6VU19K" failures="0" tests="1" name="WebTestCases.TC_033_ExcessFloodQuote" time="60.446" errors="0" timestamp="2021-02-17T20:00:41 IST" skipped="0">
  <testcase classname="WebTestCases.TC_033_ExcessFloodQuote" name="TC_033_excessFloodQuote" time="60.446"/>
  <system-out/>
</testsuite> <!-- WebTestCases.TC_033_ExcessFloodQuote -->
