<?xml version="1.0" encoding="UTF-8"?>
<!-- Generated by org.testng.reporters.JUnitReportReporter -->
<testsuite hostname="DESKTOP-G6VU19K" failures="0" tests="1" name="WebTestCases.TC_039_RegisterInsuredWebSite" time="113.827" errors="0" timestamp="2021-02-09T16:18:05 IST" skipped="0">
  <testcase classname="WebTestCases.TC_039_RegisterInsuredWebSite" name="TC_039_registerInsuredWebSite" time="113.827"/>
  <system-out/>
</testsuite> <!-- WebTestCases.TC_039_RegisterInsuredWebSite -->
