<?xml version="1.0" encoding="UTF-8"?>
<!-- Generated by org.testng.reporters.JUnitReportReporter -->
<testsuite hostname="DESKTOP-JCJIVKH" failures="0" tests="1" name="WebTestCases.TC_013_PolicySearch" time="51.341" errors="0" timestamp="11 Nov 2020 13:16:07 GMT" skipped="0">
  <testcase classname="WebTestCases.TC_013_PolicySearch" name="TC_013_policySearch" time="51.341"/>
</testsuite> <!-- WebTestCases.TC_013_PolicySearch -->
