<?xml version="1.0" encoding="UTF-8"?>
<!-- Generated by org.testng.reporters.JUnitReportReporter -->
<testsuite hostname="DESKTOP-JCJIVKH" failures="0" tests="1" name="WebTestCases.TC_022_NegativeFlowQuoteSearch" time="60.023" errors="0" timestamp="16 Dec 2020 16:10:34 GMT" skipped="0">
  <testcase classname="WebTestCases.TC_022_NegativeFlowQuoteSearch" name="TC_022_NegativeFlowQuoteSearch" time="60.023"/>
</testsuite> <!-- WebTestCases.TC_022_NegativeFlowQuoteSearch -->
