<?xml version="1.0" encoding="UTF-8"?>
<!-- Generated by org.testng.reporters.JUnitReportReporter -->
<testsuite hostname="DESKTOP-JCJIVKH" failures="0" tests="1" name="WebTestCases.TC_019_NegativeFlowReports" time="50.907" errors="0" timestamp="16 Dec 2020 16:08:23 GMT" skipped="0">
  <testcase classname="WebTestCases.TC_019_NegativeFlowReports" name="TC_019_NegativeFlowReports" time="50.907"/>
</testsuite> <!-- WebTestCases.TC_019_NegativeFlowReports -->
